#
# There is insufficient memory for the Java Runtime Environment to continue.
# Native memory allocation (malloc) failed to allocate 1294736 bytes for Chunk::new
# Possible reasons:
#   The system is out of physical RAM or swap space
#   The process is running with CompressedOops enabled, and the Java Heap may be blocking the growth of the native heap
# Possible solutions:
#   Reduce memory load on the system
#   Increase physical memory or swap space
#   Check if swap backing store is full
#   Decrease Java heap size (-Xmx/-Xms)
#   Decrease number of Java threads
#   Decrease Java thread stack sizes (-Xss)
#   Set larger code cache with -XX:ReservedCodeCacheSize=
#   JVM is running with Zero Based Compressed Oops mode in which the Java heap is
#     placed in the first 32GB address space. The Java Heap base address is the
#     maximum limit for the native heap growth. Please use -XX:HeapBaseMinAddress
#     to set the Java Heap base and to place the Java Heap above 32GB virtual address.
# This output file may be truncated or incomplete.
#
#  Out of Memory Error (arena.cpp:189), pid=23388, tid=20516
#
# JRE version: Java(TM) SE Runtime Environment (17.0.2+8) (build 17.0.2+8-LTS-86)
# Java VM: Java HotSpot(TM) 64-Bit Server VM (17.0.2+8-LTS-86, mixed mode, sharing, tiered, compressed oops, compressed class ptrs, g1 gc, windows-amd64)
# No core dump will be written. Minidumps are not enabled by default on client versions of Windows
#

---------------  S U M M A R Y ------------

Command Line: -XX:+ShowCodeDetailsInExceptionMessages com.example.demo.CodeBaseDatnApplication

Host: AMD Ryzen 5 5500U with Radeon Graphics         , 12 cores, 15G,  Windows 11 , 64 bit Build 22621 (10.0.22621.4391)
Time: Tue Nov 12 01:31:08 2024 SE Asia Standard Time elapsed time: 28788.036436 seconds (0d 7h 59m 48s)

---------------  T H R E A D  ---------------

Current thread (0x00000235da7cb7a0):  JavaThread "C2 CompilerThread0" daemon [_thread_in_native, id=20516, stack(0x0000005ee9200000,0x0000005ee9300000)]


Current CompileTask:
C2:28788036 34630   !   4       org.hibernate.sql.ast.spi.AbstractSqlAstTranslator::visitQuerySpec (429 bytes)

Stack: [0x0000005ee9200000,0x0000005ee9300000]
Native frames: (J=compiled Java code, j=interpreted, Vv=VM code, C=native code)
V  [jvm.dll+0x670baa]
V  [jvm.dll+0x7cfcb4]
V  [jvm.dll+0x7d145e]
V  [jvm.dll+0x7d1ac3]
V  [jvm.dll+0x242bc5]
V  [jvm.dll+0xaa57b]
V  [jvm.dll+0xaab0c]
V  [jvm.dll+0x35fcb2]
V  [jvm.dll+0x32a331]
V  [jvm.dll+0x3297da]
V  [jvm.dll+0x215c91]
V  [jvm.dll+0x2150b1]
V  [jvm.dll+0x1a1bbd]
V  [jvm.dll+0x224908]
V  [jvm.dll+0x222a6c]
V  [jvm.dll+0x7859bb]
V  [jvm.dll+0x77ff7a]
V  [jvm.dll+0x66fa35]
C  [ucrtbase.dll+0x29333]
C  [KERNEL32.DLL+0x1259d]
C  [ntdll.dll+0x5af38]


---------------  P R O C E S S  ---------------

Threads class SMR info:
_java_thread_list=0x00000235df15fdd0, length=82, elements={
0x00000235da7ade70, 0x00000235da7aeae0, 0x00000235da7c67d0, 0x00000235da7c80a0,
0x00000235da7c8a50, 0x00000235da7c9ba0, 0x00000235da7cb7a0, 0x00000235da7cf0a0,
0x00000235da7d8180, 0x00000235db231f80, 0x00000235db23f970, 0x00000235dcccdcb0,
0x00000235df35ec90, 0x00000235df35f630, 0x00000235db15d890, 0x00000235de28f370,
0x00000235df35e7c0, 0x00000235e7546860, 0x00000235df34d430, 0x00000235ddcaf930,
0x00000235e20bbf00, 0x00000235dd92b340, 0x00000235dcdfc3a0, 0x00000235dcdfe080,
0x00000235db7e69b0, 0x00000235db7e99d0, 0x00000235db7e64e0, 0x00000235db7e7350,
0x00000235db7e8b60, 0x00000235db7e7820, 0x00000235db7e7cf0, 0x00000235e7546390,
0x00000235e29178f0, 0x00000235e2917dc0, 0x00000235e2917420, 0x00000235e2918760,
0x00000235e2918290, 0x00000235e2916f50, 0x00000235db7e81c0, 0x00000235dcdfbed0,
0x00000235dcdfd210, 0x00000235df4c1550, 0x00000235de28e500, 0x00000235dcdbdd50,
0x00000235df35a460, 0x00000235de4cb1a0, 0x00000235ddcb07a0, 0x00000235e896acb0,
0x00000235df361310, 0x00000235de4ca800, 0x00000235de4cacd0, 0x00000235de4cb670,
0x00000235db15c080, 0x00000235db8ebf60, 0x00000235db8eac20, 0x00000235db8ea750,
0x00000235dcdbe220, 0x00000235de3ed3a0, 0x00000235de4c9e60, 0x00000235de4ca330,
0x00000235dcc25c60, 0x00000235dcdbf560, 0x00000235e0938330, 0x00000235e09391a0,
0x00000235e093a4e0, 0x00000235e093a9b0, 0x00000235e0939670, 0x00000235e0939b40,
0x00000235db8eb0f0, 0x00000235db8eb5c0, 0x00000235db8eba90, 0x00000235e06bf700,
0x00000235dcdfdbb0, 0x00000235dcdfcd40, 0x00000235dcdfe550, 0x00000235dcdfba00,
0x00000235dcdfd6e0, 0x00000235dcdfb060, 0x00000235e8969e40, 0x00000235df35ae00,
0x00000235dcc252c0, 0x00000235dcdbebc0
}

Java Threads: ( => current thread )
  0x00000235da7ade70 JavaThread "Reference Handler" daemon [_thread_blocked, id=18764, stack(0x0000005ee8c00000,0x0000005ee8d00000)]
  0x00000235da7aeae0 JavaThread "Finalizer" daemon [_thread_blocked, id=32152, stack(0x0000005ee8d00000,0x0000005ee8e00000)]
  0x00000235da7c67d0 JavaThread "Signal Dispatcher" daemon [_thread_blocked, id=17652, stack(0x0000005ee8e00000,0x0000005ee8f00000)]
  0x00000235da7c80a0 JavaThread "Attach Listener" daemon [_thread_blocked, id=22136, stack(0x0000005ee8f00000,0x0000005ee9000000)]
  0x00000235da7c8a50 JavaThread "Service Thread" daemon [_thread_blocked, id=24104, stack(0x0000005ee9000000,0x0000005ee9100000)]
  0x00000235da7c9ba0 JavaThread "Monitor Deflation Thread" daemon [_thread_blocked, id=14096, stack(0x0000005ee9100000,0x0000005ee9200000)]
=>0x00000235da7cb7a0 JavaThread "C2 CompilerThread0" daemon [_thread_in_native, id=20516, stack(0x0000005ee9200000,0x0000005ee9300000)]
  0x00000235da7cf0a0 JavaThread "C1 CompilerThread0" daemon [_thread_blocked, id=30452, stack(0x0000005ee9300000,0x0000005ee9400000)]
  0x00000235da7d8180 JavaThread "Sweeper thread" daemon [_thread_blocked, id=7200, stack(0x0000005ee9400000,0x0000005ee9500000)]
  0x00000235db231f80 JavaThread "Notification Thread" daemon [_thread_blocked, id=20672, stack(0x0000005ee9500000,0x0000005ee9600000)]
  0x00000235db23f970 JavaThread "Common-Cleaner" daemon [_thread_blocked, id=21264, stack(0x0000005ee9700000,0x0000005ee9800000)]
  0x00000235dcccdcb0 JavaThread "mysql-cj-abandoned-connection-cleanup" daemon [_thread_blocked, id=3016, stack(0x0000005eeaa00000,0x0000005eeab00000)]
  0x00000235df35ec90 JavaThread "Live Reload Server" daemon [_thread_in_native, id=29796, stack(0x0000005eeb000000,0x0000005eeb100000)]
  0x00000235df35f630 JavaThread "DestroyJavaVM" [_thread_blocked, id=24468, stack(0x0000005ee8500000,0x0000005ee8600000)]
  0x00000235db15d890 JavaThread "File Watcher" daemon [_thread_blocked, id=5840, stack(0x0000005ee9800000,0x0000005ee9900000)]
  0x00000235de28f370 JavaThread "File Watcher" daemon [_thread_blocked, id=30368, stack(0x0000005ee9a00000,0x0000005ee9b00000)]
  0x00000235df35e7c0 JavaThread "File Watcher" daemon [_thread_blocked, id=3892, stack(0x0000005eea700000,0x0000005eea800000)]
  0x00000235e7546860 JavaThread "File Watcher" daemon [_thread_blocked, id=11056, stack(0x0000005ee9b00000,0x0000005ee9c00000)]
  0x00000235df34d430 JavaThread "File Watcher" daemon [_thread_blocked, id=9988, stack(0x0000005ee9900000,0x0000005ee9a00000)]
  0x00000235ddcaf930 JavaThread "Java2D Disposer" daemon [_thread_blocked, id=10168, stack(0x0000005eeda00000,0x0000005eedb00000)]
  0x00000235e20bbf00 JavaThread "Catalina-utility-1" [_thread_blocked, id=29948, stack(0x0000005eea800000,0x0000005eea900000)]
  0x00000235dd92b340 JavaThread "Catalina-utility-2" [_thread_blocked, id=13308, stack(0x0000005eeab00000,0x0000005eeac00000)]
  0x00000235dcdfc3a0 JavaThread "container-5" [_thread_blocked, id=1808, stack(0x0000005eeac00000,0x0000005eead00000)]
  0x00000235dcdfe080 JavaThread "HikariPool-50 housekeeper" daemon [_thread_blocked, id=26480, stack(0x0000005eeae00000,0x0000005eeaf00000)]
  0x00000235db7e69b0 JavaThread "File Watcher" daemon [_thread_blocked, id=21044, stack(0x0000005eeb200000,0x0000005eeb300000)]
  0x00000235db7e99d0 JavaThread "MessageBroker-1" [_thread_blocked, id=24584, stack(0x0000005eeb300000,0x0000005eeb400000)]
  0x00000235db7e64e0 JavaThread "http-nio-8080-exec-1" daemon [_thread_blocked, id=31708, stack(0x0000005eeb400000,0x0000005eeb500000)]
  0x00000235db7e7350 JavaThread "http-nio-8080-exec-2" daemon [_thread_blocked, id=9120, stack(0x0000005eeb500000,0x0000005eeb600000)]
  0x00000235db7e8b60 JavaThread "http-nio-8080-exec-3" daemon [_thread_blocked, id=17736, stack(0x0000005eeb600000,0x0000005eeb700000)]
  0x00000235db7e7820 JavaThread "http-nio-8080-exec-4" daemon [_thread_blocked, id=8400, stack(0x0000005eeb700000,0x0000005eeb800000)]
  0x00000235db7e7cf0 JavaThread "http-nio-8080-exec-5" daemon [_thread_blocked, id=11544, stack(0x0000005eeb800000,0x0000005eeb900000)]
  0x00000235e7546390 JavaThread "http-nio-8080-exec-6" daemon [_thread_blocked, id=10652, stack(0x0000005eeb900000,0x0000005eeba00000)]
  0x00000235e29178f0 JavaThread "http-nio-8080-exec-7" daemon [_thread_blocked, id=19832, stack(0x0000005eeba00000,0x0000005eebb00000)]
  0x00000235e2917dc0 JavaThread "http-nio-8080-exec-8" daemon [_thread_blocked, id=6312, stack(0x0000005eebb00000,0x0000005eebc00000)]
  0x00000235e2917420 JavaThread "http-nio-8080-exec-9" daemon [_thread_blocked, id=28132, stack(0x0000005eebc00000,0x0000005eebd00000)]
  0x00000235e2918760 JavaThread "http-nio-8080-exec-10" daemon [_thread_blocked, id=20364, stack(0x0000005eebd00000,0x0000005eebe00000)]
  0x00000235e2918290 JavaThread "http-nio-8080-Poller" daemon [_thread_in_native, id=20260, stack(0x0000005eebe00000,0x0000005eebf00000)]
  0x00000235e2916f50 JavaThread "http-nio-8080-Acceptor" daemon [_thread_in_native, id=28916, stack(0x0000005eebf00000,0x0000005eec000000)]
  0x00000235db7e81c0 JavaThread "MessageBroker-3" [_thread_blocked, id=25848, stack(0x0000005ee8300000,0x0000005ee8400000)]
  0x00000235dcdfbed0 JavaThread "MessageBroker-2" [_thread_blocked, id=20628, stack(0x0000005ee8400000,0x0000005ee8500000)]
  0x00000235dcdfd210 JavaThread "MessageBroker-4" [_thread_blocked, id=13008, stack(0x0000005eea900000,0x0000005eeaa00000)]
  0x00000235df4c1550 JavaThread "MessageBroker-5" [_thread_blocked, id=24728, stack(0x0000005eec300000,0x0000005eec400000)]
  0x00000235de28e500 JavaThread "MessageBroker-6" [_thread_blocked, id=13980, stack(0x0000005eeca00000,0x0000005eecb00000)]
  0x00000235dcdbdd50 JavaThread "MessageBroker-7" [_thread_blocked, id=11432, stack(0x0000005eecf00000,0x0000005eed000000)]
  0x00000235df35a460 JavaThread "MessageBroker-8" [_thread_blocked, id=28544, stack(0x0000005eed600000,0x0000005eed700000)]
  0x00000235de4cb1a0 JavaThread "MessageBroker-9" [_thread_blocked, id=7552, stack(0x0000005eed800000,0x0000005eed900000)]
  0x00000235ddcb07a0 JavaThread "MessageBroker-10" [_thread_blocked, id=8496, stack(0x0000005eed900000,0x0000005eeda00000)]
  0x00000235e896acb0 JavaThread "MessageBroker-11" [_thread_blocked, id=23384, stack(0x0000005eedb00000,0x0000005eedc00000)]
  0x00000235df361310 JavaThread "MessageBroker-12" [_thread_blocked, id=19388, stack(0x0000005eedc00000,0x0000005eedd00000)]
  0x00000235de4ca800 JavaThread "clientInboundChannel-60" [_thread_blocked, id=504, stack(0x0000005ee8200000,0x0000005ee8300000)]
  0x00000235de4cacd0 JavaThread "clientInboundChannel-61" [_thread_blocked, id=27920, stack(0x0000005eead00000,0x0000005eeae00000)]
  0x00000235de4cb670 JavaThread "clientInboundChannel-62" [_thread_blocked, id=31836, stack(0x0000005eeb100000,0x0000005eeb200000)]
  0x00000235db15c080 JavaThread "clientOutboundChannel-37" [_thread_blocked, id=15788, stack(0x0000005eec000000,0x0000005eec100000)]
  0x00000235db8ebf60 JavaThread "clientInboundChannel-63" [_thread_blocked, id=28180, stack(0x0000005eec100000,0x0000005eec200000)]
  0x00000235db8eac20 JavaThread "clientInboundChannel-64" [_thread_blocked, id=23904, stack(0x0000005eec200000,0x0000005eec300000)]
  0x00000235db8ea750 JavaThread "clientInboundChannel-65" [_thread_blocked, id=23336, stack(0x0000005eec400000,0x0000005eec500000)]
  0x00000235dcdbe220 JavaThread "clientOutboundChannel-38" [_thread_blocked, id=22864, stack(0x0000005eec500000,0x0000005eec600000)]
  0x00000235de3ed3a0 JavaThread "WebSocket background processing" daemon [_thread_blocked, id=23600, stack(0x0000005eeaf00000,0x0000005eeb000000)]
  0x00000235de4c9e60 JavaThread "clientInboundChannel-66" [_thread_blocked, id=12984, stack(0x0000005eec600000,0x0000005eec700000)]
  0x00000235de4ca330 JavaThread "clientInboundChannel-67" [_thread_blocked, id=29056, stack(0x0000005eec700000,0x0000005eec800000)]
  0x00000235dcc25c60 JavaThread "clientInboundChannel-68" [_thread_blocked, id=3820, stack(0x0000005eec800000,0x0000005eec900000)]
  0x00000235dcdbf560 JavaThread "clientOutboundChannel-39" [_thread_blocked, id=16780, stack(0x0000005eec900000,0x0000005eeca00000)]
  0x00000235e0938330 JavaThread "clientInboundChannel-69" [_thread_blocked, id=18792, stack(0x0000005eecb00000,0x0000005eecc00000)]
  0x00000235e09391a0 JavaThread "clientInboundChannel-70" [_thread_blocked, id=25992, stack(0x0000005eecc00000,0x0000005eecd00000)]
  0x00000235e093a4e0 JavaThread "clientInboundChannel-71" [_thread_blocked, id=10052, stack(0x0000005eecd00000,0x0000005eece00000)]
  0x00000235e093a9b0 JavaThread "clientInboundChannel-72" [_thread_blocked, id=24904, stack(0x0000005eece00000,0x0000005eecf00000)]
  0x00000235e0939670 JavaThread "clientInboundChannel-73" [_thread_blocked, id=20028, stack(0x0000005eed000000,0x0000005eed100000)]
  0x00000235e0939b40 JavaThread "clientInboundChannel-74" [_thread_blocked, id=20568, stack(0x0000005eed100000,0x0000005eed200000)]
  0x00000235db8eb0f0 JavaThread "clientInboundChannel-75" [_thread_blocked, id=31168, stack(0x0000005eed200000,0x0000005eed300000)]
  0x00000235db8eb5c0 JavaThread "clientInboundChannel-76" [_thread_blocked, id=27600, stack(0x0000005eed300000,0x0000005eed400000)]
  0x00000235db8eba90 JavaThread "clientInboundChannel-77" [_thread_blocked, id=17572, stack(0x0000005eed400000,0x0000005eed500000)]
  0x00000235e06bf700 JavaThread "clientOutboundChannel-40" [_thread_blocked, id=17036, stack(0x0000005eed500000,0x0000005eed600000)]
  0x00000235dcdfdbb0 JavaThread "clientInboundChannel-78" [_thread_blocked, id=11800, stack(0x0000005eed700000,0x0000005eed800000)]
  0x00000235dcdfcd40 JavaThread "clientInboundChannel-79" [_thread_blocked, id=11844, stack(0x0000005eedd00000,0x0000005eede00000)]
  0x00000235dcdfe550 JavaThread "clientInboundChannel-80" [_thread_blocked, id=4424, stack(0x0000005eede00000,0x0000005eedf00000)]
  0x00000235dcdfba00 JavaThread "clientInboundChannel-81" [_thread_blocked, id=8156, stack(0x0000005eedf00000,0x0000005eee000000)]
  0x00000235dcdfd6e0 JavaThread "clientInboundChannel-82" [_thread_blocked, id=25184, stack(0x0000005eee000000,0x0000005eee100000)]
  0x00000235dcdfb060 JavaThread "clientInboundChannel-83" [_thread_blocked, id=13464, stack(0x0000005eee100000,0x0000005eee200000)]
  0x00000235e8969e40 JavaThread "clientOutboundChannel-41" [_thread_blocked, id=27704, stack(0x0000005eee200000,0x0000005eee300000)]
  0x00000235df35ae00 JavaThread "clientOutboundChannel-42" [_thread_blocked, id=22032, stack(0x0000005eee300000,0x0000005eee400000)]
  0x00000235dcc252c0 JavaThread "clientOutboundChannel-43" [_thread_blocked, id=10816, stack(0x0000005eee500000,0x0000005eee600000)]
  0x00000235dcdbebc0 JavaThread "clientOutboundChannel-44" [_thread_blocked, id=15896, stack(0x0000005eee400000,0x0000005eee500000)]

Other Threads:
  0x00000235da7a8f30 VMThread "VM Thread" [stack: 0x0000005ee8b00000,0x0000005ee8c00000] [id=27008]
  0x00000235b7c36120 WatcherThread [stack: 0x0000005ee9600000,0x0000005ee9700000] [id=22284]
  0x00000235b7c1d1a0 GCTaskThread "GC Thread#0" [stack: 0x0000005ee8600000,0x0000005ee8700000] [id=21752]
  0x00000235dc3157f0 GCTaskThread "GC Thread#1" [stack: 0x0000005ee9c00000,0x0000005ee9d00000] [id=19400]
  0x00000235dc315aa0 GCTaskThread "GC Thread#2" [stack: 0x0000005ee9d00000,0x0000005ee9e00000] [id=28520]
  0x00000235dc315d50 GCTaskThread "GC Thread#3" [stack: 0x0000005ee9e00000,0x0000005ee9f00000] [id=22496]
  0x00000235dc338010 GCTaskThread "GC Thread#4" [stack: 0x0000005ee9f00000,0x0000005eea000000] [id=12516]
  0x00000235dc3382c0 GCTaskThread "GC Thread#5" [stack: 0x0000005eea000000,0x0000005eea100000] [id=17696]
  0x00000235dc242270 GCTaskThread "GC Thread#6" [stack: 0x0000005eea200000,0x0000005eea300000] [id=23748]
  0x00000235dc775990 GCTaskThread "GC Thread#7" [stack: 0x0000005eea300000,0x0000005eea400000] [id=26912]
  0x00000235de458df0 GCTaskThread "GC Thread#8" [stack: 0x0000005eea100000,0x0000005eea200000] [id=31768]
  0x00000235ddee0ec0 GCTaskThread "GC Thread#9" [stack: 0x0000005eea400000,0x0000005eea500000] [id=21684]
  0x00000235b7c2d6a0 ConcurrentGCThread "G1 Main Marker" [stack: 0x0000005ee8700000,0x0000005ee8800000] [id=10068]
  0x00000235b7c2e0b0 ConcurrentGCThread "G1 Conc#0" [stack: 0x0000005ee8800000,0x0000005ee8900000] [id=27212]
  0x00000235dce1ed10 ConcurrentGCThread "G1 Conc#1" [stack: 0x0000005eea500000,0x0000005eea600000] [id=7692]
  0x00000235deeaff60 ConcurrentGCThread "G1 Conc#2" [stack: 0x0000005eea600000,0x0000005eea700000] [id=14272]
  0x00000235b7c702e0 ConcurrentGCThread "G1 Refine#0" [stack: 0x0000005ee8900000,0x0000005ee8a00000] [id=19116]
  0x00000235b7c72c10 ConcurrentGCThread "G1 Service" [stack: 0x0000005ee8a00000,0x0000005ee8b00000] [id=30236]

Threads with active compile tasks:
C2 CompilerThread0  28788061 34630   !   4       org.hibernate.sql.ast.spi.AbstractSqlAstTranslator::visitQuerySpec (429 bytes)

VM state: not at safepoint (normal execution)

VM Mutex/Monitor currently owned by a thread: None

Heap address: 0x000000070a400000, size: 3932 MB, Compressed Oops mode: Zero based, Oop shift amount: 3

CDS archive(s) mapped at: [0x0000000800000000-0x0000000800bc0000-0x0000000800bc0000), size 12320768, SharedBaseAddress: 0x0000000800000000, ArchiveRelocationMode: 0.
Compressed class space mapped at: 0x0000000800c00000-0x0000000840c00000, reserved size: 1073741824
Narrow klass base: 0x0000000800000000, Narrow klass shift: 0, Narrow klass range: 0x100000000

GC Precious Log:
 CPUs: 12 total, 12 available
 Memory: 15720M
 Large Page Support: Disabled
 NUMA Support: Disabled
 Compressed Oops: Enabled (Zero based)
 Heap Region Size: 2M
 Heap Min Capacity: 8M
 Heap Initial Capacity: 246M
 Heap Max Capacity: 3932M
 Pre-touch: Disabled
 Parallel Workers: 10
 Concurrent Workers: 3
 Concurrent Refinement Workers: 10
 Periodic GC: Disabled

Heap:
 garbage-first heap   total 151552K, used 113741K [0x000000070a400000, 0x0000000800000000)
  region size 2048K, 32 young (65536K), 1 survivors (2048K)
 Metaspace       used 119951K, committed 121472K, reserved 1171456K
  class space    used 14032K, committed 15040K, reserved 1048576K

Heap Regions: E=young(eden), S=young(survivor), O=old, HS=humongous(starts), HC=humongous(continues), CS=collection set, F=free, OA=open archive, CA=closed archive, TAMS=top-at-mark-start (previous, next)
|   0|0x000000070a400000, 0x000000070a5ffff8, 0x000000070a600000| 99%| O|  |TAMS 0x000000070a5ffff8, 0x000000070a400000| Untracked 
|   1|0x000000070a600000, 0x000000070a800000, 0x000000070a800000|100%| O|  |TAMS 0x000000070a800000, 0x000000070a600000| Untracked 
|   2|0x000000070a800000, 0x000000070aa00000, 0x000000070aa00000|100%| O|  |TAMS 0x000000070aa00000, 0x000000070a800000| Untracked 
|   3|0x000000070aa00000, 0x000000070abffff8, 0x000000070ac00000| 99%| O|  |TAMS 0x000000070abffff8, 0x000000070aa00000| Untracked 
|   4|0x000000070ac00000, 0x000000070adfffd0, 0x000000070ae00000| 99%| O|  |TAMS 0x000000070adfffd0, 0x000000070ac00000| Untracked 
|   5|0x000000070ae00000, 0x000000070affffc0, 0x000000070b000000| 99%| O|  |TAMS 0x000000070affffc0, 0x000000070ae00000| Untracked 
|   6|0x000000070b000000, 0x000000070b1ffff0, 0x000000070b200000| 99%| O|  |TAMS 0x000000070b1ffff0, 0x000000070b000000| Untracked 
|   7|0x000000070b200000, 0x000000070b400000, 0x000000070b400000|100%| O|  |TAMS 0x000000070b400000, 0x000000070b200000| Untracked 
|   8|0x000000070b400000, 0x000000070b5ffb20, 0x000000070b600000| 99%| O|  |TAMS 0x000000070b5ffb20, 0x000000070b400000| Untracked 
|   9|0x000000070b600000, 0x000000070b7ffff8, 0x000000070b800000| 99%| O|  |TAMS 0x000000070b7ffff8, 0x000000070b600000| Untracked 
|  10|0x000000070b800000, 0x000000070ba00000, 0x000000070ba00000|100%| O|  |TAMS 0x000000070ba00000, 0x000000070b800000| Untracked 
|  11|0x000000070ba00000, 0x000000070bbfffe0, 0x000000070bc00000| 99%| O|  |TAMS 0x000000070bbfffe0, 0x000000070ba00000| Untracked 
|  12|0x000000070bc00000, 0x000000070bdfff60, 0x000000070be00000| 99%| O|  |TAMS 0x000000070bdfff60, 0x000000070bc00000| Untracked 
|  13|0x000000070be00000, 0x000000070c000000, 0x000000070c000000|100%| O|  |TAMS 0x000000070c000000, 0x000000070be00000| Untracked 
|  14|0x000000070c000000, 0x000000070c1f35d0, 0x000000070c200000| 97%| O|  |TAMS 0x000000070c000000, 0x000000070c000000| Untracked 
|  15|0x000000070c200000, 0x000000070c3fffd0, 0x000000070c400000| 99%| O|  |TAMS 0x000000070c200000, 0x000000070c200000| Untracked 
|  16|0x000000070c400000, 0x000000070c5f3730, 0x000000070c600000| 97%| O|  |TAMS 0x000000070c400000, 0x000000070c400000| Untracked 
|  17|0x000000070c600000, 0x000000070c7ffff0, 0x000000070c800000| 99%| O|  |TAMS 0x000000070c7ffff0, 0x000000070c600000| Untracked 
|  18|0x000000070c800000, 0x000000070c98f490, 0x000000070ca00000| 77%| O|  |TAMS 0x000000070c800000, 0x000000070c800000| Untracked 
|  19|0x000000070ca00000, 0x000000070cbb8a40, 0x000000070cc00000| 86%| O|  |TAMS 0x000000070ca00000, 0x000000070ca00000| Untracked 
|  20|0x000000070cc00000, 0x000000070cd253c8, 0x000000070ce00000| 57%| O|  |TAMS 0x000000070cc00000, 0x000000070cc00000| Untracked 
|  21|0x000000070ce00000, 0x000000070d000000, 0x000000070d000000|100%| O|  |TAMS 0x000000070ce00000, 0x000000070ce00000| Untracked 
|  22|0x000000070d000000, 0x000000070d200000, 0x000000070d200000|100%| O|  |TAMS 0x000000070d000000, 0x000000070d000000| Untracked 
|  23|0x000000070d200000, 0x000000070d400000, 0x000000070d400000|100%| O|  |TAMS 0x000000070d200000, 0x000000070d200000| Untracked 
|  24|0x000000070d400000, 0x000000070d600000, 0x000000070d600000|100%| O|  |TAMS 0x000000070d400000, 0x000000070d400000| Untracked 
|  25|0x000000070d600000, 0x000000070d779a00, 0x000000070d800000| 73%| O|  |TAMS 0x000000070d600000, 0x000000070d600000| Untracked 
|  26|0x000000070d800000, 0x000000070d800000, 0x000000070da00000|  0%| F|  |TAMS 0x000000070d800000, 0x000000070d800000| Untracked 
|  27|0x000000070da00000, 0x000000070da00000, 0x000000070dc00000|  0%| F|  |TAMS 0x000000070da00000, 0x000000070da00000| Untracked 
|  28|0x000000070dc00000, 0x000000070dc00000, 0x000000070de00000|  0%| F|  |TAMS 0x000000070dc00000, 0x000000070dc00000| Untracked 
|  29|0x000000070de00000, 0x000000070de00000, 0x000000070e000000|  0%| F|  |TAMS 0x000000070de00000, 0x000000070de00000| Untracked 
|  30|0x000000070e000000, 0x000000070e000000, 0x000000070e200000|  0%| F|  |TAMS 0x000000070e000000, 0x000000070e000000| Untracked 
|  31|0x000000070e200000, 0x000000070e200000, 0x000000070e400000|  0%| F|  |TAMS 0x000000070e200000, 0x000000070e200000| Untracked 
|  32|0x000000070e400000, 0x000000070e400000, 0x000000070e600000|  0%| F|  |TAMS 0x000000070e400000, 0x000000070e400000| Untracked 
|  33|0x000000070e600000, 0x000000070e600000, 0x000000070e800000|  0%| F|  |TAMS 0x000000070e600000, 0x000000070e600000| Untracked 
|  34|0x000000070e800000, 0x000000070e800000, 0x000000070ea00000|  0%| F|  |TAMS 0x000000070e800000, 0x000000070e800000| Untracked 
|  35|0x000000070ea00000, 0x000000070eb3c000, 0x000000070ec00000| 61%| S|CS|TAMS 0x000000070ea00000, 0x000000070ea00000| Complete 
|  36|0x000000070ec00000, 0x000000070ec00000, 0x000000070ee00000|  0%| F|  |TAMS 0x000000070ec00000, 0x000000070ec00000| Untracked 
|  37|0x000000070ee00000, 0x000000070ee00000, 0x000000070f000000|  0%| F|  |TAMS 0x000000070ee00000, 0x000000070ee00000| Untracked 
|  38|0x000000070f000000, 0x000000070f000000, 0x000000070f200000|  0%| F|  |TAMS 0x000000070f000000, 0x000000070f000000| Untracked 
|  39|0x000000070f200000, 0x000000070f200000, 0x000000070f400000|  0%| F|  |TAMS 0x000000070f200000, 0x000000070f200000| Untracked 
|  40|0x000000070f400000, 0x000000070f400000, 0x000000070f600000|  0%| F|  |TAMS 0x000000070f400000, 0x000000070f400000| Untracked 
|  41|0x000000070f600000, 0x000000070f600000, 0x000000070f800000|  0%| F|  |TAMS 0x000000070f600000, 0x000000070f600000| Untracked 
|  42|0x000000070f800000, 0x000000070f9449f0, 0x000000070fa00000| 63%| E|  |TAMS 0x000000070f800000, 0x000000070f800000| Complete 
|  43|0x000000070fa00000, 0x000000070fc00000, 0x000000070fc00000|100%| E|CS|TAMS 0x000000070fa00000, 0x000000070fa00000| Complete 
|  44|0x000000070fc00000, 0x000000070fe00000, 0x000000070fe00000|100%| E|CS|TAMS 0x000000070fc00000, 0x000000070fc00000| Complete 
|  45|0x000000070fe00000, 0x0000000710000000, 0x0000000710000000|100%| E|CS|TAMS 0x000000070fe00000, 0x000000070fe00000| Complete 
|  46|0x0000000710000000, 0x0000000710200000, 0x0000000710200000|100%| E|CS|TAMS 0x0000000710000000, 0x0000000710000000| Complete 
|  47|0x0000000710200000, 0x0000000710400000, 0x0000000710400000|100%| E|CS|TAMS 0x0000000710200000, 0x0000000710200000| Complete 
|  48|0x0000000710400000, 0x0000000710600000, 0x0000000710600000|100%| E|CS|TAMS 0x0000000710400000, 0x0000000710400000| Complete 
|  49|0x0000000710600000, 0x0000000710800000, 0x0000000710800000|100%| E|CS|TAMS 0x0000000710600000, 0x0000000710600000| Complete 
|  50|0x0000000710800000, 0x000000071080a450, 0x0000000710a00000|  2%| O|  |TAMS 0x0000000710800000, 0x0000000710800000| Untracked 
|  51|0x0000000710a00000, 0x0000000710c00000, 0x0000000710c00000|100%| E|CS|TAMS 0x0000000710a00000, 0x0000000710a00000| Complete 
|  52|0x0000000710c00000, 0x0000000710e00000, 0x0000000710e00000|100%| E|CS|TAMS 0x0000000710c00000, 0x0000000710c00000| Complete 
|  53|0x0000000710e00000, 0x0000000711000000, 0x0000000711000000|100%| E|CS|TAMS 0x0000000710e00000, 0x0000000710e00000| Complete 
|  54|0x0000000711000000, 0x0000000711200000, 0x0000000711200000|100%| E|CS|TAMS 0x0000000711000000, 0x0000000711000000| Complete 
|  55|0x0000000711200000, 0x0000000711400000, 0x0000000711400000|100%| E|CS|TAMS 0x0000000711200000, 0x0000000711200000| Complete 
|  56|0x0000000711400000, 0x0000000711600000, 0x0000000711600000|100%| E|CS|TAMS 0x0000000711400000, 0x0000000711400000| Complete 
|  57|0x0000000711600000, 0x0000000711800000, 0x0000000711800000|100%| E|CS|TAMS 0x0000000711600000, 0x0000000711600000| Complete 
|  58|0x0000000711800000, 0x0000000711a00000, 0x0000000711a00000|100%| E|CS|TAMS 0x0000000711800000, 0x0000000711800000| Complete 
|  59|0x0000000711a00000, 0x0000000711c00000, 0x0000000711c00000|100%| E|CS|TAMS 0x0000000711a00000, 0x0000000711a00000| Complete 
|  60|0x0000000711c00000, 0x0000000711e00000, 0x0000000711e00000|100%| E|CS|TAMS 0x0000000711c00000, 0x0000000711c00000| Complete 
|  61|0x0000000711e00000, 0x0000000712000000, 0x0000000712000000|100%| E|CS|TAMS 0x0000000711e00000, 0x0000000711e00000| Complete 
|  62|0x0000000712000000, 0x0000000712200000, 0x0000000712200000|100%| E|CS|TAMS 0x0000000712000000, 0x0000000712000000| Complete 
|  63|0x0000000712200000, 0x0000000712400000, 0x0000000712400000|100%| E|CS|TAMS 0x0000000712200000, 0x0000000712200000| Complete 
|  64|0x0000000712400000, 0x0000000712600000, 0x0000000712600000|100%| E|CS|TAMS 0x0000000712400000, 0x0000000712400000| Complete 
|  65|0x0000000712600000, 0x0000000712800000, 0x0000000712800000|100%| E|CS|TAMS 0x0000000712600000, 0x0000000712600000| Complete 
|  66|0x0000000712800000, 0x0000000712a00000, 0x0000000712a00000|100%| E|CS|TAMS 0x0000000712800000, 0x0000000712800000| Complete 
|  67|0x0000000712a00000, 0x0000000712c00000, 0x0000000712c00000|100%| E|CS|TAMS 0x0000000712a00000, 0x0000000712a00000| Complete 
|  68|0x0000000712c00000, 0x0000000712e00000, 0x0000000712e00000|100%| E|CS|TAMS 0x0000000712c00000, 0x0000000712c00000| Complete 
|  69|0x0000000712e00000, 0x0000000713000000, 0x0000000713000000|100%| E|CS|TAMS 0x0000000712e00000, 0x0000000712e00000| Complete 
|  70|0x0000000713000000, 0x0000000713200000, 0x0000000713200000|100%| E|CS|TAMS 0x0000000713000000, 0x0000000713000000| Complete 
|  71|0x0000000713200000, 0x0000000713400000, 0x0000000713400000|100%| E|CS|TAMS 0x0000000713200000, 0x0000000713200000| Complete 
|  72|0x0000000713400000, 0x0000000713600000, 0x0000000713600000|100%| E|CS|TAMS 0x0000000713400000, 0x0000000713400000| Complete 
|  73|0x0000000713600000, 0x0000000713800000, 0x0000000713800000|100%| E|CS|TAMS 0x0000000713600000, 0x0000000713600000| Complete 

Card table byte_map: [0x00000235cf100000,0x00000235cf8b0000] _byte_map_base: 0x00000235cb8ae000

Marking Bits (Prev, Next): (CMBitMap*) 0x00000235b7c1d7f0, (CMBitMap*) 0x00000235b7c1d7b0
 Prev Bits: [0x00000235d3dd0000, 0x00000235d7b40000)
 Next Bits: [0x00000235d0060000, 0x00000235d3dd0000)

Polling page: 0x00000235b5b30000

Metaspace:

Usage:
  Non-class:    103.44 MB used.
      Class:     13.70 MB used.
       Both:    117.14 MB used.

Virtual space:
  Non-class space:      120.00 MB reserved,     103.94 MB ( 87%) committed,  15 nodes.
      Class space:        1.00 GB reserved,      14.69 MB (  1%) committed,  1 nodes.
             Both:        1.12 GB reserved,     118.62 MB ( 10%) committed. 

Chunk freelists:
   Non-Class:  15.98 MB
       Class:  5.67 MB
        Both:  21.65 MB

MaxMetaspaceSize: unlimited
CompressedClassSpaceSize: 1.00 GB
Initial GC threshold: 21.00 MB
Current GC threshold: 223.88 MB
CDS: on
MetaspaceReclaimPolicy: balanced
 - commit_granule_bytes: 65536.
 - commit_granule_words: 8192.
 - virtual_space_node_default_size: 1048576.
 - enlarge_chunks_in_place: 1.
 - new_chunks_are_fully_committed: 0.
 - uncommit_free_chunks: 1.
 - use_allocation_guard: 0.
 - handle_deallocations: 1.


Internal statistics:

num_allocs_failed_limit: 9.
num_arena_births: 4218.
num_arena_deaths: 2754.
num_vsnodes_births: 16.
num_vsnodes_deaths: 0.
num_space_committed: 2198.
num_space_uncommitted: 300.
num_chunks_returned_to_freelist: 5403.
num_chunks_taken_from_freelist: 12382.
num_chunk_merges: 1749.
num_chunk_splits: 6518.
num_chunks_enlarged: 3710.
num_purges: 88.
num_inconsistent_stats: 0.

CodeHeap 'non-profiled nmethods': size=120000Kb used=32118Kb max_used=32118Kb free=87881Kb
 bounds [0x00000235c6ed0000, 0x00000235c8e30000, 0x00000235ce400000]
CodeHeap 'profiled nmethods': size=120000Kb used=53177Kb max_used=55703Kb free=66822Kb
 bounds [0x00000235bf9a0000, 0x00000235c3010000, 0x00000235c6ed0000]
CodeHeap 'non-nmethods': size=5760Kb used=1440Kb max_used=1515Kb free=4319Kb
 bounds [0x00000235bf400000, 0x00000235bf670000, 0x00000235bf9a0000]
 total_blobs=27414 nmethods=26628 adapters=696
 compilation: enabled
              stopped_count=0, restarted_count=0
 full_count=0

Compilation events (20 events):
Event: 28784.372 Thread 0x00000235da7cb7a0 nmethod 34620 0x00000235c8e16490 code [0x00000235c8e16780, 0x00000235c8e175c0]
Event: 28784.679 Thread 0x00000235da7cb7a0 34621       4       org.hibernate.metamodel.mapping.internal.SimpleForeignKeyDescriptor::createKeyDomainResult (44 bytes)
Event: 28784.702 Thread 0x00000235da7cb7a0 nmethod 34621 0x00000235c8e18810 code [0x00000235c8e18ac0, 0x00000235c8e19bd0]
Event: 28786.977 Thread 0x00000235da7cb7a0 34622       4       org.hibernate.sql.results.graph.collection.internal.CollectionFetch::getFetchedMapping (5 bytes)
Event: 28786.977 Thread 0x00000235da7cb7a0 nmethod 34622 0x00000235c8e1ac10 code [0x00000235c8e1ad80, 0x00000235c8e1adf8]
Event: 28787.080 Thread 0x00000235da7cb7a0 34623       4       org.hibernate.sql.ast.spi.AbstractSqlAstTranslator::renderRootTableGroup (209 bytes)
Event: 28787.115 Thread 0x00000235da7cb7a0 nmethod 34623 0x00000235c8e1af10 code [0x00000235c8e1b160, 0x00000235c8e1c128]
Event: 28787.116 Thread 0x00000235da7cb7a0 34624       4       org.hibernate.sql.ast.spi.AbstractSqlAstTranslator::renderCombinedLimitClause (51 bytes)
Event: 28787.129 Thread 0x00000235da7cb7a0 nmethod 34624 0x00000235c8e1ce10 code [0x00000235c8e1d0a0, 0x00000235c8e1da98]
Event: 28787.554 Thread 0x00000235da7cb7a0 34625       4       org.hibernate.query.sqm.tree.predicate.SqmComparisonPredicate::accept (8 bytes)
Event: 28787.629 Thread 0x00000235da7cb7a0 nmethod 34625 0x00000235c8e1e510 code [0x00000235c8e1e920, 0x00000235c8e21438]
Event: 28787.656 Thread 0x00000235da7cb7a0 34626       4       org.hibernate.query.sqm.internal.SqmUtil::createJdbcParameterBindings (908 bytes)
Event: 28787.812 Thread 0x00000235da7cb7a0 nmethod 34626 0x00000235c8e23890 code [0x00000235c8e23c40, 0x00000235c8e28bb0]
Event: 28787.900 Thread 0x00000235da7cb7a0 34627   !   4       org.hibernate.sql.ast.spi.AbstractSqlAstTranslator::visitGroupByClause (68 bytes)
Event: 28787.901 Thread 0x00000235da7cb7a0 nmethod 34627 0x00000235c8e2ca10 code [0x00000235c8e2cba0, 0x00000235c8e2cc78]
Event: 28787.910 Thread 0x00000235da7cb7a0 34628       4       org.hibernate.sql.ast.spi.AbstractSqlAstTranslator::visitCteContainer (909 bytes)
Event: 28787.914 Thread 0x00000235da7cb7a0 nmethod 34628 0x00000235c8e2cd90 code [0x00000235c8e2cf40, 0x00000235c8e2d3d8]
Event: 28787.914 Thread 0x00000235da7cb7a0 34629   !   4       org.hibernate.sql.ast.spi.AbstractSqlAstTranslator::renderOrderBy (122 bytes)
Event: 28787.915 Thread 0x00000235da7cb7a0 nmethod 34629 0x00000235c8e2d810 code [0x00000235c8e2d980, 0x00000235c8e2da18]
Event: 28787.916 Thread 0x00000235da7cb7a0 34630   !   4       org.hibernate.sql.ast.spi.AbstractSqlAstTranslator::visitQuerySpec (429 bytes)

GC Heap History (20 events):
Event: 28692.312 GC heap before
{Heap before GC invocations=425 (full 44):
 garbage-first heap   total 151552K, used 127817K [0x000000070a400000, 0x0000000800000000)
  region size 2048K, 38 young (77824K), 1 survivors (2048K)
 Metaspace       used 119946K, committed 121472K, reserved 1171456K
  class space    used 14031K, committed 15040K, reserved 1048576K
}
Event: 28692.314 GC heap after
{Heap after GC invocations=426 (full 44):
 garbage-first heap   total 151552K, used 52128K [0x000000070a400000, 0x0000000800000000)
  region size 2048K, 1 young (2048K), 1 survivors (2048K)
 Metaspace       used 119946K, committed 121472K, reserved 1171456K
  class space    used 14031K, committed 15040K, reserved 1048576K
}
Event: 28740.558 GC heap before
{Heap before GC invocations=426 (full 44):
 garbage-first heap   total 151552K, used 127904K [0x000000070a400000, 0x0000000800000000)
  region size 2048K, 38 young (77824K), 1 survivors (2048K)
 Metaspace       used 119947K, committed 121472K, reserved 1171456K
  class space    used 14031K, committed 15040K, reserved 1048576K
}
Event: 28740.560 GC heap after
{Heap after GC invocations=427 (full 44):
 garbage-first heap   total 151552K, used 52297K [0x000000070a400000, 0x0000000800000000)
  region size 2048K, 1 young (2048K), 1 survivors (2048K)
 Metaspace       used 119947K, committed 121472K, reserved 1171456K
  class space    used 14031K, committed 15040K, reserved 1048576K
}
Event: 28748.633 GC heap before
{Heap before GC invocations=427 (full 44):
 garbage-first heap   total 151552K, used 128073K [0x000000070a400000, 0x0000000800000000)
  region size 2048K, 38 young (77824K), 1 survivors (2048K)
 Metaspace       used 119947K, committed 121472K, reserved 1171456K
  class space    used 14031K, committed 15040K, reserved 1048576K
}
Event: 28748.634 GC heap after
{Heap after GC invocations=428 (full 44):
 garbage-first heap   total 151552K, used 52157K [0x000000070a400000, 0x0000000800000000)
  region size 2048K, 1 young (2048K), 1 survivors (2048K)
 Metaspace       used 119947K, committed 121472K, reserved 1171456K
  class space    used 14031K, committed 15040K, reserved 1048576K
}
Event: 28752.072 GC heap before
{Heap before GC invocations=428 (full 44):
 garbage-first heap   total 151552K, used 127933K [0x000000070a400000, 0x0000000800000000)
  region size 2048K, 38 young (77824K), 1 survivors (2048K)
 Metaspace       used 119947K, committed 121472K, reserved 1171456K
  class space    used 14031K, committed 15040K, reserved 1048576K
}
Event: 28752.074 GC heap after
{Heap after GC invocations=429 (full 44):
 garbage-first heap   total 151552K, used 52127K [0x000000070a400000, 0x0000000800000000)
  region size 2048K, 1 young (2048K), 1 survivors (2048K)
 Metaspace       used 119947K, committed 121472K, reserved 1171456K
  class space    used 14031K, committed 15040K, reserved 1048576K
}
Event: 28757.254 GC heap before
{Heap before GC invocations=429 (full 44):
 garbage-first heap   total 151552K, used 127903K [0x000000070a400000, 0x0000000800000000)
  region size 2048K, 38 young (77824K), 1 survivors (2048K)
 Metaspace       used 119947K, committed 121472K, reserved 1171456K
  class space    used 14031K, committed 15040K, reserved 1048576K
}
Event: 28757.255 GC heap after
{Heap after GC invocations=430 (full 44):
 garbage-first heap   total 151552K, used 52174K [0x000000070a400000, 0x0000000800000000)
  region size 2048K, 1 young (2048K), 1 survivors (2048K)
 Metaspace       used 119947K, committed 121472K, reserved 1171456K
  class space    used 14031K, committed 15040K, reserved 1048576K
}
Event: 28765.773 GC heap before
{Heap before GC invocations=430 (full 44):
 garbage-first heap   total 151552K, used 127950K [0x000000070a400000, 0x0000000800000000)
  region size 2048K, 38 young (77824K), 1 survivors (2048K)
 Metaspace       used 119948K, committed 121472K, reserved 1171456K
  class space    used 14032K, committed 15040K, reserved 1048576K
}
Event: 28765.774 GC heap after
{Heap after GC invocations=431 (full 44):
 garbage-first heap   total 151552K, used 52362K [0x000000070a400000, 0x0000000800000000)
  region size 2048K, 1 young (2048K), 1 survivors (2048K)
 Metaspace       used 119948K, committed 121472K, reserved 1171456K
  class space    used 14032K, committed 15040K, reserved 1048576K
}
Event: 28769.325 GC heap before
{Heap before GC invocations=431 (full 44):
 garbage-first heap   total 151552K, used 128138K [0x000000070a400000, 0x0000000800000000)
  region size 2048K, 38 young (77824K), 1 survivors (2048K)
 Metaspace       used 119951K, committed 121472K, reserved 1171456K
  class space    used 14032K, committed 15040K, reserved 1048576K
}
Event: 28769.326 GC heap after
{Heap after GC invocations=432 (full 44):
 garbage-first heap   total 151552K, used 52227K [0x000000070a400000, 0x0000000800000000)
  region size 2048K, 1 young (2048K), 1 survivors (2048K)
 Metaspace       used 119951K, committed 121472K, reserved 1171456K
  class space    used 14032K, committed 15040K, reserved 1048576K
}
Event: 28772.916 GC heap before
{Heap before GC invocations=432 (full 44):
 garbage-first heap   total 151552K, used 128003K [0x000000070a400000, 0x0000000800000000)
  region size 2048K, 38 young (77824K), 1 survivors (2048K)
 Metaspace       used 119951K, committed 121472K, reserved 1171456K
  class space    used 14032K, committed 15040K, reserved 1048576K
}
Event: 28772.918 GC heap after
{Heap after GC invocations=433 (full 44):
 garbage-first heap   total 151552K, used 52211K [0x000000070a400000, 0x0000000800000000)
  region size 2048K, 1 young (2048K), 1 survivors (2048K)
 Metaspace       used 119951K, committed 121472K, reserved 1171456K
  class space    used 14032K, committed 15040K, reserved 1048576K
}
Event: 28778.149 GC heap before
{Heap before GC invocations=433 (full 44):
 garbage-first heap   total 151552K, used 127987K [0x000000070a400000, 0x0000000800000000)
  region size 2048K, 38 young (77824K), 1 survivors (2048K)
 Metaspace       used 119951K, committed 121472K, reserved 1171456K
  class space    used 14032K, committed 15040K, reserved 1048576K
}
Event: 28778.151 GC heap after
{Heap after GC invocations=434 (full 44):
 garbage-first heap   total 151552K, used 52346K [0x000000070a400000, 0x0000000800000000)
  region size 2048K, 1 young (2048K), 1 survivors (2048K)
 Metaspace       used 119951K, committed 121472K, reserved 1171456K
  class space    used 14032K, committed 15040K, reserved 1048576K
}
Event: 28784.518 GC heap before
{Heap before GC invocations=434 (full 44):
 garbage-first heap   total 151552K, used 128122K [0x000000070a400000, 0x0000000800000000)
  region size 2048K, 38 young (77824K), 1 survivors (2048K)
 Metaspace       used 119951K, committed 121472K, reserved 1171456K
  class space    used 14032K, committed 15040K, reserved 1048576K
}
Event: 28784.520 GC heap after
{Heap after GC invocations=435 (full 44):
 garbage-first heap   total 151552K, used 52301K [0x000000070a400000, 0x0000000800000000)
  region size 2048K, 1 young (2048K), 1 survivors (2048K)
 Metaspace       used 119951K, committed 121472K, reserved 1171456K
  class space    used 14032K, committed 15040K, reserved 1048576K
}

Deoptimization events (20 events):
Event: 28765.625 Thread 0x00000235e7546390 Uncommon trap: trap_request=0xffffff54 fr.pc=0x00000235c8d86c5c relative=0x0000000000000f9c
Event: 28765.625 Thread 0x00000235e7546390 Uncommon trap: reason=speculate_null_assert action=make_not_entrant pc=0x00000235c8d86c5c method=org.springframework.web.bind.support.DefaultDataBinderFactory.createBinderInternal(Lorg/springframework/web/context/request/NativeWebRequest;Ljava/lang/Object
Event: 28765.625 Thread 0x00000235e7546390 DEOPT PACKING pc=0x00000235c8d86c5c sp=0x0000005eeb9fe120
Event: 28765.625 Thread 0x00000235e7546390 DEOPT UNPACKING pc=0x00000235bf4523a3 sp=0x0000005eeb9fe100 mode 2
Event: 28765.866 Thread 0x00000235db7e8b60 Uncommon trap: trap_request=0xffffffd6 fr.pc=0x00000235c8d8e364 relative=0x00000000000005c4
Event: 28765.866 Thread 0x00000235db7e8b60 Uncommon trap: reason=array_check action=maybe_recompile pc=0x00000235c8d8e364 method=org.hibernate.engine.internal.EntityEntryContext.reentrantSafeEntityEntries()[Ljava/util/Map$Entry; @ 56 c2
Event: 28765.866 Thread 0x00000235db7e8b60 DEOPT PACKING pc=0x00000235c8d8e364 sp=0x0000005eeb6fd1b0
Event: 28765.866 Thread 0x00000235db7e8b60 DEOPT UNPACKING pc=0x00000235bf4523a3 sp=0x0000005eeb6fd168 mode 2
Event: 28765.868 Thread 0x00000235db7e64e0 Uncommon trap: trap_request=0xffffffd6 fr.pc=0x00000235c8d8e364 relative=0x00000000000005c4
Event: 28765.868 Thread 0x00000235db7e64e0 Uncommon trap: reason=array_check action=maybe_recompile pc=0x00000235c8d8e364 method=org.hibernate.engine.internal.EntityEntryContext.reentrantSafeEntityEntries()[Ljava/util/Map$Entry; @ 56 c2
Event: 28765.868 Thread 0x00000235db7e64e0 DEOPT PACKING pc=0x00000235c8d8e364 sp=0x0000005eeb4fd190
Event: 28765.868 Thread 0x00000235db7e64e0 DEOPT UNPACKING pc=0x00000235bf4523a3 sp=0x0000005eeb4fd148 mode 2
Event: 28765.872 Thread 0x00000235e7546390 Uncommon trap: trap_request=0xffffffd6 fr.pc=0x00000235c8d8e364 relative=0x00000000000005c4
Event: 28765.872 Thread 0x00000235e7546390 Uncommon trap: reason=array_check action=maybe_recompile pc=0x00000235c8d8e364 method=org.hibernate.engine.internal.EntityEntryContext.reentrantSafeEntityEntries()[Ljava/util/Map$Entry; @ 56 c2
Event: 28765.872 Thread 0x00000235e7546390 DEOPT PACKING pc=0x00000235c8d8e364 sp=0x0000005eeb9fd510
Event: 28765.872 Thread 0x00000235e7546390 DEOPT UNPACKING pc=0x00000235bf4523a3 sp=0x0000005eeb9fd4c8 mode 2
Event: 28765.878 Thread 0x00000235e29178f0 Uncommon trap: trap_request=0xffffffd6 fr.pc=0x00000235c8d8e364 relative=0x00000000000005c4
Event: 28765.878 Thread 0x00000235e29178f0 Uncommon trap: reason=array_check action=maybe_recompile pc=0x00000235c8d8e364 method=org.hibernate.engine.internal.EntityEntryContext.reentrantSafeEntityEntries()[Ljava/util/Map$Entry; @ 56 c2
Event: 28765.878 Thread 0x00000235e29178f0 DEOPT PACKING pc=0x00000235c8d8e364 sp=0x0000005eebafd4c0
Event: 28765.878 Thread 0x00000235e29178f0 DEOPT UNPACKING pc=0x00000235bf4523a3 sp=0x0000005eebafd478 mode 2

Classes unloaded (20 events):
Event: 27546.095 Thread 0x00000235da7a8f30 Unloading class 0x00000008019b0800 'jdk/internal/reflect/GeneratedSerializationConstructorAccessor85'
Event: 27546.095 Thread 0x00000235da7a8f30 Unloading class 0x0000000801968000 'org/apache/catalina/loader/JdbcLeakPrevention'
Event: 27643.785 Thread 0x00000235da7a8f30 Unloading class 0x0000000800eb6400 'jdk/internal/reflect/GeneratedSerializationConstructorAccessor88'
Event: 27643.785 Thread 0x00000235da7a8f30 Unloading class 0x0000000800c17c00 'jdk/internal/reflect/GeneratedSerializationConstructorAccessor87'
Event: 27643.785 Thread 0x00000235da7a8f30 Unloading class 0x000000080190c800 'org/apache/catalina/loader/JdbcLeakPrevention'
Event: 27674.921 Thread 0x00000235da7a8f30 Unloading class 0x0000000801812400 'jdk/internal/reflect/GeneratedSerializationConstructorAccessor90'
Event: 27674.921 Thread 0x00000235da7a8f30 Unloading class 0x0000000800eb6400 'jdk/internal/reflect/GeneratedSerializationConstructorAccessor89'
Event: 27674.921 Thread 0x00000235da7a8f30 Unloading class 0x0000000801873800 'org/apache/catalina/loader/JdbcLeakPrevention'
Event: 27788.606 Thread 0x00000235da7a8f30 Unloading class 0x0000000801859000 'jdk/internal/reflect/GeneratedSerializationConstructorAccessor92'
Event: 27788.606 Thread 0x00000235da7a8f30 Unloading class 0x0000000801812400 'jdk/internal/reflect/GeneratedSerializationConstructorAccessor91'
Event: 27788.606 Thread 0x00000235da7a8f30 Unloading class 0x0000000801835000 'org/apache/catalina/loader/JdbcLeakPrevention'
Event: 27793.765 Thread 0x00000235da7a8f30 Unloading class 0x000000080188ec00 'jdk/internal/reflect/GeneratedSerializationConstructorAccessor94'
Event: 27793.766 Thread 0x00000235da7a8f30 Unloading class 0x0000000801812400 'jdk/internal/reflect/GeneratedSerializationConstructorAccessor93'
Event: 27793.766 Thread 0x00000235da7a8f30 Unloading class 0x0000000801849000 'org/apache/catalina/loader/JdbcLeakPrevention'
Event: 27801.597 Thread 0x00000235da7a8f30 Unloading class 0x0000000801870000 'jdk/internal/reflect/GeneratedSerializationConstructorAccessor96'
Event: 27801.597 Thread 0x00000235da7a8f30 Unloading class 0x000000080188ec00 'jdk/internal/reflect/GeneratedSerializationConstructorAccessor95'
Event: 27801.597 Thread 0x00000235da7a8f30 Unloading class 0x0000000801882000 'org/apache/catalina/loader/JdbcLeakPrevention'
Event: 27804.162 Thread 0x00000235da7a8f30 Unloading class 0x0000000801948800 'jdk/internal/reflect/GeneratedSerializationConstructorAccessor98'
Event: 27804.162 Thread 0x00000235da7a8f30 Unloading class 0x0000000801948000 'jdk/internal/reflect/GeneratedSerializationConstructorAccessor97'
Event: 27804.162 Thread 0x00000235da7a8f30 Unloading class 0x0000000801870400 'org/apache/catalina/loader/JdbcLeakPrevention'

Classes redefined (0 events):
No events

Internal exceptions (20 events):
Event: 27804.569 Thread 0x00000235e89694a0 Exception <a 'sun/nio/fs/WindowsException'{0x000000071059c420}> (0x000000071059c420) 
thrown [t:\workspace\open\src\hotspot\share\prims\jni.cpp, line 516]
Event: 27804.931 Thread 0x00000235e89694a0 Exception <a 'sun/nio/fs/WindowsException'{0x0000000711c92d10}> (0x0000000711c92d10) 
thrown [t:\workspace\open\src\hotspot\share\prims\jni.cpp, line 516]
Event: 27804.979 Thread 0x00000235e89694a0 Exception <a 'sun/nio/fs/WindowsException'{0x00000007113d2ef0}> (0x00000007113d2ef0) 
thrown [t:\workspace\open\src\hotspot\share\prims\jni.cpp, line 516]
Event: 28569.027 Thread 0x00000235e29178f0 Exception <a 'java/lang/reflect/InvocationTargetException'{0x000000070fdb5bc8}> (0x000000070fdb5bc8) 
thrown [t:\workspace\open\src\hotspot\share\runtime\reflection.cpp, line 1121]
Event: 28569.033 Thread 0x00000235db7e64e0 Exception <a 'java/lang/reflect/InvocationTargetException'{0x000000070fa12f18}> (0x000000070fa12f18) 
thrown [t:\workspace\open\src\hotspot\share\runtime\reflection.cpp, line 1121]
Event: 28569.034 Thread 0x00000235e29178f0 Exception <a 'java/lang/reflect/InvocationTargetException'{0x000000070fa35930}> (0x000000070fa35930) 
thrown [t:\workspace\open\src\hotspot\share\runtime\reflection.cpp, line 1121]
Event: 28569.039 Thread 0x00000235db7e64e0 Exception <a 'java/lang/reflect/InvocationTargetException'{0x000000070fa84620}> (0x000000070fa84620) 
thrown [t:\workspace\open\src\hotspot\share\runtime\reflection.cpp, line 1121]
Event: 28569.040 Thread 0x00000235db7e7350 Exception <a 'java/lang/reflect/InvocationTargetException'{0x000000070fa9d580}> (0x000000070fa9d580) 
thrown [t:\workspace\open\src\hotspot\share\runtime\reflection.cpp, line 1121]
Event: 28569.052 Thread 0x00000235db7e7350 Exception <a 'java/lang/reflect/InvocationTargetException'{0x000000070fad9850}> (0x000000070fad9850) 
thrown [t:\workspace\open\src\hotspot\share\runtime\reflection.cpp, line 1121]
Event: 28577.604 Thread 0x00000235e29178f0 Exception <a 'java/lang/reflect/InvocationTargetException'{0x000000070f078ce8}> (0x000000070f078ce8) 
thrown [t:\workspace\open\src\hotspot\share\runtime\reflection.cpp, line 1121]
Event: 28577.611 Thread 0x00000235e29178f0 Exception <a 'java/lang/reflect/InvocationTargetException'{0x000000070f0a1868}> (0x000000070f0a1868) 
thrown [t:\workspace\open\src\hotspot\share\runtime\reflection.cpp, line 1121]
Event: 28577.612 Thread 0x00000235db7e64e0 Exception <a 'java/lang/reflect/InvocationTargetException'{0x000000070f09f0c8}> (0x000000070f09f0c8) 
thrown [t:\workspace\open\src\hotspot\share\runtime\reflection.cpp, line 1121]
Event: 28577.620 Thread 0x00000235db7e8b60 Exception <a 'java/lang/reflect/InvocationTargetException'{0x000000070f0f3200}> (0x000000070f0f3200) 
thrown [t:\workspace\open\src\hotspot\share\runtime\reflection.cpp, line 1121]
Event: 28577.625 Thread 0x00000235db7e64e0 Exception <a 'java/lang/reflect/InvocationTargetException'{0x000000070f0d30f8}> (0x000000070f0d30f8) 
thrown [t:\workspace\open\src\hotspot\share\runtime\reflection.cpp, line 1121]
Event: 28577.631 Thread 0x00000235db7e8b60 Exception <a 'java/lang/reflect/InvocationTargetException'{0x000000070f1146e0}> (0x000000070f1146e0) 
thrown [t:\workspace\open\src\hotspot\share\runtime\reflection.cpp, line 1121]
Event: 28583.703 Thread 0x00000235e2917420 Exception <a 'java/lang/reflect/InvocationTargetException'{0x000000071322a690}> (0x000000071322a690) 
thrown [t:\workspace\open\src\hotspot\share\runtime\reflection.cpp, line 1121]
Event: 28583.707 Thread 0x00000235e2918760 Exception <a 'java/lang/reflect/InvocationTargetException'{0x0000000713255058}> (0x0000000713255058) 
thrown [t:\workspace\open\src\hotspot\share\runtime\reflection.cpp, line 1121]
Event: 28583.710 Thread 0x00000235e2917420 Exception <a 'java/lang/reflect/InvocationTargetException'{0x000000071327aa08}> (0x000000071327aa08) 
thrown [t:\workspace\open\src\hotspot\share\runtime\reflection.cpp, line 1121]
Event: 28583.711 Thread 0x00000235db7e7820 Exception <a 'java/lang/reflect/InvocationTargetException'{0x0000000713294de8}> (0x0000000713294de8) 
thrown [t:\workspace\open\src\hotspot\share\runtime\reflection.cpp, line 1121]
Event: 28735.353 Thread 0x00000235e2917420 Exception <a 'java/net/SocketException'{0x0000000710f5f1a0}: Connection reset by peer: shutdown> (0x0000000710f5f1a0) 
thrown [t:\workspace\open\src\hotspot\share\prims\jni.cpp, line 535]

VM Operations (20 events):
Event: 28771.342 Executing VM operation: Cleanup
Event: 28771.342 Executing VM operation: Cleanup done
Event: 28772.344 Executing VM operation: Cleanup
Event: 28772.344 Executing VM operation: Cleanup done
Event: 28772.916 Executing VM operation: G1CollectForAllocation
Event: 28772.918 Executing VM operation: G1CollectForAllocation done
Event: 28773.924 Executing VM operation: Cleanup
Event: 28773.924 Executing VM operation: Cleanup done
Event: 28777.961 Executing VM operation: Cleanup
Event: 28777.961 Executing VM operation: Cleanup done
Event: 28778.149 Executing VM operation: G1CollectForAllocation
Event: 28778.151 Executing VM operation: G1CollectForAllocation done
Event: 28779.165 Executing VM operation: Cleanup
Event: 28779.165 Executing VM operation: Cleanup done
Event: 28780.167 Executing VM operation: Cleanup
Event: 28780.167 Executing VM operation: Cleanup done
Event: 28783.184 Executing VM operation: Cleanup
Event: 28783.184 Executing VM operation: Cleanup done
Event: 28784.518 Executing VM operation: G1CollectForAllocation
Event: 28784.520 Executing VM operation: G1CollectForAllocation done

Events (20 events):
Event: 28740.895 Thread 0x00000235da7d8180 flushing nmethod 0x00000235c203b610
Event: 28740.907 Thread 0x00000235da7d8180 flushing nmethod 0x00000235c2ee2490
Event: 28746.639 Thread 0x00000235dc2c3040 Thread added: 0x00000235dc2c3040
Event: 28746.639 Thread 0x00000235dc2c02b0 Thread added: 0x00000235dc2c02b0
Event: 28747.032 Thread 0x00000235dc2c3040 Thread exited: 0x00000235dc2c3040
Event: 28747.032 Thread 0x00000235dc2c02b0 Thread exited: 0x00000235dc2c02b0
Event: 28747.717 Thread 0x00000235dc2c2110 Thread added: 0x00000235dc2c2110
Event: 28748.872 Thread 0x00000235dc2c2110 Thread exited: 0x00000235dc2c2110
Event: 28750.864 Thread 0x00000235dc2c2110 Thread added: 0x00000235dc2c2110
Event: 28751.614 Thread 0x00000235dc2c2110 Thread exited: 0x00000235dc2c2110
Event: 28762.342 Thread 0x00000235e8969e40 Thread added: 0x00000235e8969e40
Event: 28763.450 Thread 0x00000235df35ae00 Thread added: 0x00000235df35ae00
Event: 28765.417 Thread 0x00000235dc2c3040 Thread added: 0x00000235dc2c3040
Event: 28766.849 Thread 0x00000235dc2c3040 Thread exited: 0x00000235dc2c3040
Event: 28767.691 Thread 0x00000235dc2c3040 Thread added: 0x00000235dc2c3040
Event: 28768.768 Thread 0x00000235dc2c3040 Thread exited: 0x00000235dc2c3040
Event: 28770.197 Thread 0x00000235dc2c3040 Thread added: 0x00000235dc2c3040
Event: 28772.336 Thread 0x00000235dcc252c0 Thread added: 0x00000235dcc252c0
Event: 28772.363 Thread 0x00000235dc2c3040 Thread exited: 0x00000235dc2c3040
Event: 28773.278 Thread 0x00000235dcdbebc0 Thread added: 0x00000235dcdbebc0


Dynamic libraries:
0x00007ff6aa030000 - 0x00007ff6aa040000 	C:\Program Files\Java\jdk-17.0.2\bin\java.exe
0x00007ffea8cb0000 - 0x00007ffea8ec7000 	C:\WINDOWS\SYSTEM32\ntdll.dll
0x00007ffea6b60000 - 0x00007ffea6c24000 	C:\WINDOWS\System32\KERNEL32.DLL
0x00007ffea6240000 - 0x00007ffea65f9000 	C:\WINDOWS\System32\KERNELBASE.dll
0x00007ffea5fb0000 - 0x00007ffea60c1000 	C:\WINDOWS\System32\ucrtbase.dll
0x00007ffe9c9e0000 - 0x00007ffe9c9f8000 	C:\Program Files\Java\jdk-17.0.2\bin\jli.dll
0x00007ffe971d0000 - 0x00007ffe971ea000 	C:\Program Files\Java\jdk-17.0.2\bin\VCRUNTIME140.dll
0x00007ffea8530000 - 0x00007ffea85e2000 	C:\WINDOWS\System32\ADVAPI32.dll
0x00007ffea6a50000 - 0x00007ffea6af7000 	C:\WINDOWS\System32\msvcrt.dll
0x00007ffea7fd0000 - 0x00007ffea8077000 	C:\WINDOWS\System32\sechost.dll
0x00007ffea6630000 - 0x00007ffea6658000 	C:\WINDOWS\System32\bcrypt.dll
0x00007ffea7bd0000 - 0x00007ffea7ce4000 	C:\WINDOWS\System32\RPCRT4.dll
0x00007ffea6c30000 - 0x00007ffea6dde000 	C:\WINDOWS\System32\USER32.dll
0x00007ffea6600000 - 0x00007ffea6626000 	C:\WINDOWS\System32\win32u.dll
0x00007ffe94d70000 - 0x00007ffe95002000 	C:\WINDOWS\WinSxS\amd64_microsoft.windows.common-controls_6595b64144ccf1df_6.0.22621.4391_none_2715d37f73803e96\COMCTL32.dll
0x00007ffea7ba0000 - 0x00007ffea7bc9000 	C:\WINDOWS\System32\GDI32.dll
0x00007ffea6720000 - 0x00007ffea683b000 	C:\WINDOWS\System32\gdi32full.dll
0x00007ffea68b0000 - 0x00007ffea694a000 	C:\WINDOWS\System32\msvcp_win.dll
0x00007ffe9c180000 - 0x00007ffe9c18a000 	C:\WINDOWS\SYSTEM32\VERSION.dll
0x00007ffea84f0000 - 0x00007ffea8521000 	C:\WINDOWS\System32\IMM32.DLL
0x00007ffe9c9d0000 - 0x00007ffe9c9dc000 	C:\Program Files\Java\jdk-17.0.2\bin\vcruntime140_1.dll
0x00007ffe3b480000 - 0x00007ffe3b50d000 	C:\Program Files\Java\jdk-17.0.2\bin\msvcp140.dll
0x00007ffe1deb0000 - 0x00007ffe1ea71000 	C:\Program Files\Java\jdk-17.0.2\bin\server\jvm.dll
0x00007ffea7950000 - 0x00007ffea7958000 	C:\WINDOWS\System32\PSAPI.DLL
0x00007ffea39e0000 - 0x00007ffea3a14000 	C:\WINDOWS\SYSTEM32\WINMM.dll
0x00007ffe88e40000 - 0x00007ffe88e49000 	C:\WINDOWS\SYSTEM32\WSOCK32.dll
0x00007ffea69d0000 - 0x00007ffea6a41000 	C:\WINDOWS\System32\WS2_32.dll
0x00007ffea4ff0000 - 0x00007ffea5008000 	C:\WINDOWS\SYSTEM32\kernel.appcore.dll
0x00007ffe9bd00000 - 0x00007ffe9bd0a000 	C:\Program Files\Java\jdk-17.0.2\bin\jimage.dll
0x00007ffea3720000 - 0x00007ffea3952000 	C:\WINDOWS\SYSTEM32\DBGHELP.DLL
0x00007ffea8160000 - 0x00007ffea84ef000 	C:\WINDOWS\System32\combase.dll
0x00007ffea8080000 - 0x00007ffea8157000 	C:\WINDOWS\System32\OLEAUT32.dll
0x00007ffea39a0000 - 0x00007ffea39d2000 	C:\WINDOWS\SYSTEM32\dbgcore.DLL
0x00007ffea6950000 - 0x00007ffea69cb000 	C:\WINDOWS\System32\bcryptPrimitives.dll
0x00007ffe5ee60000 - 0x00007ffe5ee85000 	C:\Program Files\Java\jdk-17.0.2\bin\java.dll
0x00007ffe3b090000 - 0x00007ffe3b166000 	C:\Program Files\Java\jdk-17.0.2\bin\jsvml.dll
0x00007ffea70d0000 - 0x00007ffea7946000 	C:\WINDOWS\System32\SHELL32.dll
0x00007ffea3ef0000 - 0x00007ffea47f3000 	C:\WINDOWS\SYSTEM32\windows.storage.dll
0x00007ffea3db0000 - 0x00007ffea3eef000 	C:\WINDOWS\SYSTEM32\wintypes.dll
0x00007ffea6fd0000 - 0x00007ffea70c9000 	C:\WINDOWS\System32\SHCORE.dll
0x00007ffea6b00000 - 0x00007ffea6b5e000 	C:\WINDOWS\System32\shlwapi.dll
0x00007ffea5ee0000 - 0x00007ffea5f0b000 	C:\WINDOWS\SYSTEM32\profapi.dll
0x00007ffe971b0000 - 0x00007ffe971c9000 	C:\Program Files\Java\jdk-17.0.2\bin\net.dll
0x00007ffe9e920000 - 0x00007ffe9ea56000 	C:\WINDOWS\SYSTEM32\WINHTTP.dll
0x00007ffea5470000 - 0x00007ffea54d9000 	C:\WINDOWS\system32\mswsock.dll
0x00007ffe6e570000 - 0x00007ffe6e586000 	C:\Program Files\Java\jdk-17.0.2\bin\nio.dll
0x00007ffe6b060000 - 0x00007ffe6b078000 	C:\Program Files\Java\jdk-17.0.2\bin\zip.dll
0x00007ffe95350000 - 0x00007ffe95359000 	C:\Program Files\Java\jdk-17.0.2\bin\management.dll
0x00007ffe8f8d0000 - 0x00007ffe8f8db000 	C:\Program Files\Java\jdk-17.0.2\bin\management_ext.dll
0x00007ffe8f1d0000 - 0x00007ffe8f1de000 	C:\Program Files\Java\jdk-17.0.2\bin\sunmscapi.dll
0x00007ffea60d0000 - 0x00007ffea6236000 	C:\WINDOWS\System32\CRYPT32.dll
0x00007ffea58f0000 - 0x00007ffea591d000 	C:\WINDOWS\SYSTEM32\ncrypt.dll
0x00007ffea58b0000 - 0x00007ffea58e7000 	C:\WINDOWS\SYSTEM32\NTASN1.dll
0x00007ffea56c0000 - 0x00007ffea56db000 	C:\WINDOWS\SYSTEM32\CRYPTSP.dll
0x00007ffea4f50000 - 0x00007ffea4f85000 	C:\WINDOWS\system32\rsaenh.dll
0x00007ffea5560000 - 0x00007ffea5588000 	C:\WINDOWS\SYSTEM32\USERENV.dll
0x00007ffea56e0000 - 0x00007ffea56ec000 	C:\WINDOWS\SYSTEM32\CRYPTBASE.dll
0x00007ffea4a60000 - 0x00007ffea4a8d000 	C:\WINDOWS\SYSTEM32\IPHLPAPI.DLL
0x00007ffea7b90000 - 0x00007ffea7b99000 	C:\WINDOWS\System32\NSI.dll
0x00007ffe9e740000 - 0x00007ffe9e759000 	C:\WINDOWS\SYSTEM32\dhcpcsvc6.DLL
0x00007ffe9e720000 - 0x00007ffe9e73f000 	C:\WINDOWS\SYSTEM32\dhcpcsvc.DLL
0x00007ffea4a90000 - 0x00007ffea4b92000 	C:\WINDOWS\SYSTEM32\DNSAPI.dll
0x00007ffe898d0000 - 0x00007ffe898e0000 	C:\Program Files\Java\jdk-17.0.2\bin\verify.dll
0x00000000762d0000 - 0x00000000762f6000 	C:\Program Files\Bonjour\mdnsNSP.dll
0x00007ffe9bcd0000 - 0x00007ffe9bcda000 	C:\Windows\System32\rasadhlp.dll
0x00007ffe9a040000 - 0x00007ffe9a0c3000 	C:\WINDOWS\System32\fwpuclnt.dll
0x00007ffe26760000 - 0x00007ffe26768000 	C:\WINDOWS\system32\wshunix.dll
0x00007ffea5100000 - 0x00007ffea5134000 	C:\WINDOWS\SYSTEM32\ntmarta.dll
0x00007ffe3b170000 - 0x00007ffe3b2ff000 	C:\Program Files\Java\jdk-17.0.2\bin\awt.dll
0x00007ffea2ca0000 - 0x00007ffea2d37000 	C:\WINDOWS\SYSTEM32\apphelp.dll

dbghelp: loaded successfully - version: 4.0.5 - missing functions: none
symbol engine: initialized successfully - sym options: 0x614 - pdb path: .;C:\Program Files\Java\jdk-17.0.2\bin;C:\WINDOWS\SYSTEM32;C:\WINDOWS\WinSxS\amd64_microsoft.windows.common-controls_6595b64144ccf1df_6.0.22621.4391_none_2715d37f73803e96;C:\Program Files\Java\jdk-17.0.2\bin\server;C:\Program Files\Bonjour

VM Arguments:
jvm_args: -XX:+ShowCodeDetailsInExceptionMessages 
java_command: com.example.demo.CodeBaseDatnApplication
java_class_path (initial): E:\DATN\testfork_BE\DuAnTotNghiepBE\target\classes;C:\Users\hbi23\.m2\repository\org\springframework\boot\spring-boot-starter-data-jpa\3.3.2\spring-boot-starter-data-jpa-3.3.2.jar;C:\Users\hbi23\.m2\repository\org\springframework\boot\spring-boot-starter-aop\3.3.2\spring-boot-starter-aop-3.3.2.jar;C:\Users\hbi23\.m2\repository\org\springframework\spring-aop\6.1.11\spring-aop-6.1.11.jar;C:\Users\hbi23\.m2\repository\org\aspectj\aspectjweaver\1.9.22.1\aspectjweaver-1.9.22.1.jar;C:\Users\hbi23\.m2\repository\org\springframework\boot\spring-boot-starter-jdbc\3.3.2\spring-boot-starter-jdbc-3.3.2.jar;C:\Users\hbi23\.m2\repository\com\zaxxer\HikariCP\5.1.0\HikariCP-5.1.0.jar;C:\Users\hbi23\.m2\repository\org\springframework\spring-jdbc\6.1.11\spring-jdbc-6.1.11.jar;C:\Users\hbi23\.m2\repository\org\hibernate\orm\hibernate-core\6.5.2.Final\hibernate-core-6.5.2.Final.jar;C:\Users\hbi23\.m2\repository\jakarta\persistence\jakarta.persistence-api\3.1.0\jakarta.persistence-api-3.1.0.jar;C:\Users\hbi23\.m2\repository\jakarta\transaction\jakarta.transaction-api\2.0.1\jakarta.transaction-api-2.0.1.jar;C:\Users\hbi23\.m2\repository\org\jboss\logging\jboss-logging\3.5.3.Final\jboss-logging-3.5.3.Final.jar;C:\Users\hbi23\.m2\repository\org\hibernate\common\hibernate-commons-annotations\6.0.6.Final\hibernate-commons-annotations-6.0.6.Final.jar;C:\Users\hbi23\.m2\repository\io\smallrye\jandex\3.1.2\jandex-3.1.2.jar;C:\Users\hbi23\.m2\repository\com\fasterxml\classmate\1.7.0\classmate-1.7.0.jar;C:\Users\hbi23\.m2\repository\net\bytebuddy\byte-buddy\1.14.18\byte-buddy-1.14.18.jar;C:\Users\hbi23\.m2\repository\org\glassfish\jaxb\jaxb-runtime\4.0.5\jaxb-runtime-4.0.5.jar;C:\Users\hbi23\.m2\repository\org\glassfish\jaxb\jaxb-core\4.0.5\jaxb-core-4.0.5.jar;C:\Users\hbi23\.m2\repository\org\eclipse\angus\angus-activation\2.0.2\angus-activation-2.0.2.jar;C:\Users\hbi23\.m2\repository\org\glassfish\jaxb\txw2\4.0.5\txw2-4.0.5.jar;C:\Users\hbi23\.m2\repository\com\sun\
Launcher Type: SUN_STANDARD

[Global flags]
     intx CICompilerCount                          = 4                                         {product} {ergonomic}
     uint ConcGCThreads                            = 3                                         {product} {ergonomic}
     uint G1ConcRefinementThreads                  = 10                                        {product} {ergonomic}
   size_t G1HeapRegionSize                         = 2097152                                   {product} {ergonomic}
    uintx GCDrainStackTargetSize                   = 64                                        {product} {ergonomic}
   size_t InitialHeapSize                          = 257949696                                 {product} {ergonomic}
   size_t MarkStackSize                            = 4194304                                   {product} {ergonomic}
   size_t MaxHeapSize                              = 4123000832                                {product} {ergonomic}
   size_t MaxNewSize                               = 2472542208                                {product} {ergonomic}
   size_t MinHeapDeltaBytes                        = 2097152                                   {product} {ergonomic}
   size_t MinHeapSize                              = 8388608                                   {product} {ergonomic}
    uintx NonNMethodCodeHeapSize                   = 5839372                                {pd product} {ergonomic}
    uintx NonProfiledCodeHeapSize                  = 122909434                              {pd product} {ergonomic}
    uintx ProfiledCodeHeapSize                     = 122909434                              {pd product} {ergonomic}
    uintx ReservedCodeCacheSize                    = 251658240                              {pd product} {ergonomic}
     bool SegmentedCodeCache                       = true                                      {product} {ergonomic}
     bool ShowCodeDetailsInExceptionMessages       = true                                   {manageable} {command line}
   size_t SoftMaxHeapSize                          = 4123000832                             {manageable} {ergonomic}
     bool UseCompressedClassPointers               = true                           {product lp64_product} {ergonomic}
     bool UseCompressedOops                        = true                           {product lp64_product} {ergonomic}
     bool UseG1GC                                  = true                                      {product} {ergonomic}
     bool UseLargePagesIndividualAllocation        = false                                  {pd product} {ergonomic}

Logging:
Log output configuration:
 #0: stdout all=warning uptime,level,tags
 #1: stderr all=off uptime,level,tags

Environment Variables:
JAVA_HOME=C:\Program Files\Java\jdk-19
PATH=C:\Program Files (x86)\NVIDIA Corporation\PhysX\Common;C:\Program Files\Common Files\Oracle\Java\javapath;C:\WINDOWS\system32;C:\WINDOWS;C:\WINDOWS\System32\Wbem;C:\WINDOWS\System32\WindowsPowerShell\v1.0\;C:\WINDOWS\System32\OpenSSH\;C:\Program Files\dotnet\;C:\Program Files\Java\jdk-19\bin;C:\Program Files (x86)\Microsoft SQL Server\160\Tools\Binn\;C:\Program Files\Microsoft SQL Server\160\Tools\Binn\;C:\Program Files\Microsoft SQL Server\Client SDK\ODBC\170\Tools\Binn\;C:\Program Files\Microsoft SQL Server\160\DTS\Binn\;C:\Program Files (x86)\Microsoft SQL Server\160\DTS\Binn\;C:\Program Files\Azure Data Studio\bin;C:\Program Files\Java\jdk-21\bin;C:\Program Files\Git\cmd;%NVM_HOME%;%NVM_SYMLINK%;C:\Users\hbi23\AppData\Local\Microsoft\WindowsApps;C:\Users\hbi23\AppData\Local\Programs\Microsoft VS Code\bin;C:\msys64\mingw64\bin;C:\Program Files\Azure Data Studio\bin;C:\Users\hbi23\AppData\Roaming\npm;C:\Program Files\Files\Apache\apache-maven-3.9.8\bin;C:\Users\hbi23\AppData\Roaming\nvm;C:\Program Files\nodejs
USERNAME=MINH DANG
LANG=en_US.UTF-8
OS=Windows_NT
PROCESSOR_IDENTIFIER=AMD64 Family 23 Model 104 Stepping 1, AuthenticAMD



---------------  S Y S T E M  ---------------

OS:
 Windows 11 , 64 bit Build 22621 (10.0.22621.4391)
OS uptime: 19 days 5:42 hours

CPU: total 12 (initial active 12) (12 cores per cpu, 2 threads per core) family 23 model 104 stepping 1 microcode 0x0, cx8, cmov, fxsr, ht, mmx, 3dnowpref, sse, sse2, sse3, ssse3, sse4a, sse4.1, sse4.2, popcnt, lzcnt, tsc, tscinvbit, avx, avx2, aes, clmul, bmi1, bmi2, adx, sha, fma, vzeroupper, clflush, clflushopt

Memory: 4k page, system-wide physical 15720M (1449M free)
TotalPageFile size 30944M (AvailPageFile size 5M)
current process WorkingSet (physical memory assigned to process): 492M, peak: 523M
current process commit charge ("private bytes"): 558M, peak: 597M

vm_info: Java HotSpot(TM) 64-Bit Server VM (17.0.2+8-LTS-86) for windows-amd64 JRE (17.0.2+8-LTS-86), built on Dec  7 2021 21:51:03 by "mach5one" with MS VC++ 16.8 / 16.9 (VS2019)

END.
